abr 15, 2026 4:55:37 P. M. com.actividad_6_1.login solicitarNombre
INFO: Solicitando nombre de usuario
abr 15, 2026 4:55:44 P. M. com.actividad_6_1.login solicitarNombre
INFO: Nombre válido introducido: cristina
abr 15, 2026 4:55:44 P. M. com.actividad_6_1.login solicitarFichero
INFO: Solicitando nombre de fichero
abr 15, 2026 4:56:23 P. M. com.actividad_6_1.login solicitarFichero
WARNING: Nombre de fichero inválido
abr 15, 2026 4:56:23 P. M. com.actividad_6_1.login solicitarFichero
INFO: Solicitando nombre de fichero
abr 15, 2026 4:56:33 P. M. com.actividad_6_1.login solicitarFichero
WARNING: Nombre de fichero inválido
abr 15, 2026 4:56:33 P. M. com.actividad_6_1.login solicitarFichero
INFO: Solicitando nombre de fichero
abr 15, 2026 4:57:52 P. M. com.actividad_6_1.login solicitarNombre
INFO: Solicitando nombre de usuario
abr 15, 2026 4:57:56 P. M. com.actividad_6_1.login solicitarNombre
INFO: Nombre válido introducido: cris
abr 15, 2026 4:57:56 P. M. com.actividad_6_1.login solicitarFichero
INFO: Solicitando nombre de fichero
abr 15, 2026 4:58:04 P. M. com.actividad_6_1.login solicitarFichero
WARNING: Nombre de fichero inválido
abr 15, 2026 4:58:04 P. M. com.actividad_6_1.login solicitarFichero
INFO: Solicitando nombre de fichero
abr 15, 2026 4:58:29 P. M. com.actividad_6_1.login solicitarNombre
INFO: Solicitando nombre de usuario
abr 15, 2026 4:58:31 P. M. com.actividad_6_1.login solicitarNombre
INFO: Nombre válido introducido: cris
abr 15, 2026 4:58:31 P. M. com.actividad_6_1.login solicitarFichero
INFO: Solicitando nombre de fichero
abr 15, 2026 4:58:35 P. M. com.actividad_6_1.login solicitarFichero
INFO: Fichero válido: prueba.txt
abr 15, 2026 4:58:35 P. M. com.actividad_6_1.login mostrarFichero
SEVERE: Error al leer el fichero: prueba.txt (El sistema no puede encontrar el archivo especificado)
abr 15, 2026 4:58:50 P. M. com.actividad_6_1.login solicitarNombre
INFO: Solicitando nombre de usuario
abr 15, 2026 4:58:52 P. M. com.actividad_6_1.login solicitarNombre
INFO: Nombre válido introducido: cris
abr 15, 2026 4:58:52 P. M. com.actividad_6_1.login solicitarFichero
INFO: Solicitando nombre de fichero
abr 15, 2026 4:58:56 P. M. com.actividad_6_1.login solicitarFichero
INFO: Fichero válido: prueba.txt
abr 15, 2026 4:58:56 P. M. com.actividad_6_1.login mostrarFichero
INFO: Leyendo fichero: prueba.txt
